<?xml version="1.0" encoding="UTF-8"?>
<!-- Generated by org.testng.reporters.JUnitXMLReporter -->
<testsuite ignored="0" hostname="DESKTOP-G2BVK46" failures="0" tests="3" name="JalaTechnologies Test" time="24.598" errors="0" timestamp="01 Feb 2023 08:37:35 GMT">
  <testcase classname="com.jalatechnologiesv1.TestCases.TC_LoginTest_001" name="loginTest" time="0.876"/>
  <testcase classname="com.jalatechnologiesv1.TestCases.TC_EmployeeCreate_002" name="addNewEmployee" time="4.093"/>
  <testcase classname="com.jalatechnologiesv1.TestCases.TC_SearchTest_004" name="searchData" time="4.035"/>
</testsuite> <!-- JalaTechnologies Test -->
