<?xml version="1.0" encoding="UTF-8"?>
<testng-results ignored="0" total="3" passed="3" failed="0" skipped="0">
  <reporter-output>
  </reporter-output>
  <suite started-at="2023-02-01T08:37:10Z" name="JalaTechnologiesV1" finished-at="2023-02-01T08:37:35Z" duration-ms="24598">
    <groups>
    </groups>
    <test started-at="2023-02-01T08:37:10Z" name="JalaTechnologies Test" finished-at="2023-02-01T08:37:35Z" duration-ms="24598">
      <class name="com.jalatechnologiesv1.TestCases.TC_LoginTest_001">
        <test-method is-config="true" signature="setup(java.lang.String)[pri:0, instance:com.jalatechnologiesv1.TestCases.TC_LoginTest_001@1cab0bfb]" started-at="2023-02-01T08:37:11Z" name="setup" finished-at="2023-02-01T08:37:16Z" duration-ms="5142" status="PASS">
          <params>
            <param index="0">
              <value>
                <![CDATA[chrome]]>
              </value>
            </param>
          </params>
          <reporter-output>
          </reporter-output>
        </test-method> <!-- setup -->
        <test-method signature="loginTest()[pri:0, instance:com.jalatechnologiesv1.TestCases.TC_LoginTest_001@1cab0bfb]" started-at="2023-02-01T08:37:16Z" name="loginTest" finished-at="2023-02-01T08:37:17Z" duration-ms="876" status="PASS">
          <reporter-output>
          </reporter-output>
        </test-method> <!-- loginTest -->
        <test-method is-config="true" signature="Teardown()[pri:0, instance:com.jalatechnologiesv1.TestCases.TC_LoginTest_001@1cab0bfb]" started-at="2023-02-01T08:37:17Z" name="Teardown" finished-at="2023-02-01T08:37:18Z" duration-ms="1114" status="PASS">
          <reporter-output>
          </reporter-output>
        </test-method> <!-- Teardown -->
      </class> <!-- com.jalatechnologiesv1.TestCases.TC_LoginTest_001 -->
      <class name="com.jalatechnologiesv1.TestCases.TC_SearchTest_004">
        <test-method is-config="true" signature="setup(java.lang.String)[pri:0, instance:com.jalatechnologiesv1.TestCases.TC_SearchTest_004@50de0926]" started-at="2023-02-01T08:37:27Z" name="setup" finished-at="2023-02-01T08:37:30Z" duration-ms="3116" status="PASS">
          <params>
            <param index="0">
              <value>
                <![CDATA[chrome]]>
              </value>
            </param>
          </params>
          <reporter-output>
          </reporter-output>
        </test-method> <!-- setup -->
        <test-method signature="searchData()[pri:0, instance:com.jalatechnologiesv1.TestCases.TC_SearchTest_004@50de0926]" started-at="2023-02-01T08:37:30Z" name="searchData" finished-at="2023-02-01T08:37:34Z" duration-ms="4035" status="PASS">
          <reporter-output>
          </reporter-output>
        </test-method> <!-- searchData -->
        <test-method is-config="true" signature="Teardown()[pri:0, instance:com.jalatechnologiesv1.TestCases.TC_SearchTest_004@50de0926]" started-at="2023-02-01T08:37:34Z" name="Teardown" finished-at="2023-02-01T08:37:35Z" duration-ms="1112" status="PASS">
          <reporter-output>
          </reporter-output>
        </test-method> <!-- Teardown -->
      </class> <!-- com.jalatechnologiesv1.TestCases.TC_SearchTest_004 -->
      <class name="com.jalatechnologiesv1.TestCases.TC_EmployeeCreate_002">
        <test-method is-config="true" signature="setup(java.lang.String)[pri:0, instance:com.jalatechnologiesv1.TestCases.TC_EmployeeCreate_002@5e955596]" started-at="2023-02-01T08:37:18Z" name="setup" finished-at="2023-02-01T08:37:21Z" duration-ms="3721" status="PASS">
          <params>
            <param index="0">
              <value>
                <![CDATA[chrome]]>
              </value>
            </param>
          </params>
          <reporter-output>
          </reporter-output>
        </test-method> <!-- setup -->
        <test-method signature="addNewEmployee()[pri:0, instance:com.jalatechnologiesv1.TestCases.TC_EmployeeCreate_002@5e955596]" started-at="2023-02-01T08:37:21Z" name="addNewEmployee" finished-at="2023-02-01T08:37:26Z" duration-ms="4093" status="PASS">
          <reporter-output>
          </reporter-output>
        </test-method> <!-- addNewEmployee -->
        <test-method is-config="true" signature="Teardown()[pri:0, instance:com.jalatechnologiesv1.TestCases.TC_EmployeeCreate_002@5e955596]" started-at="2023-02-01T08:37:26Z" name="Teardown" finished-at="2023-02-01T08:37:27Z" duration-ms="1160" status="PASS">
          <reporter-output>
          </reporter-output>
        </test-method> <!-- Teardown -->
      </class> <!-- com.jalatechnologiesv1.TestCases.TC_EmployeeCreate_002 -->
    </test> <!-- JalaTechnologies Test -->
  </suite> <!-- JalaTechnologiesV1 -->
</testng-results>
